*** Starting uWSGI 2.0.15 (64bit) on [Thu Sep 28 10:28:36 2017] ***
compiled with version: 5.4.0 20160609 on 27 September 2017 16:39:41
os: Linux-4.4.0-62-generic #83-Ubuntu SMP Wed Jan 18 14:10:15 UTC 2017
nodename: iZ2zeap8mmq0ete15hef0zZ
machine: x86_64
clock source: unix
pcre jit disabled
detected number of CPU cores: 1
current working directory: /data/djProject/myset
detected binary path: /usr/local/bin/uwsgi
uWSGI running as root, you can use --uid/--gid/--chroot options
*** WARNING: you are running uWSGI as root !!! (use the --uid flag) *** 
chdir() to /data/djProject/myset
your processes number limit is 3826
your memory page size is 4096 bytes
detected max file descriptor number: 65535
lock engine: pthread robust mutexes
thunder lock: disabled (you can enable it with --thunder-lock)
uwsgi socket 0 bound to TCP address :8012 fd 3
Python version: 2.7.12 (default, Nov 19 2016, 06:48:10)  [GCC 5.4.0 20160609]
*** Python threads support is disabled. You can enable it with --enable-threads ***
Python main interpreter initialized at 0x767b00
your server socket listen backlog is limited to 100 connections
your mercy for graceful operations on workers is 60 seconds
mapped 363840 bytes (355 KB) for 4 cores
*** Operational MODE: preforking ***
WSGI app 0 (mountpoint='') ready in 0 seconds on interpreter 0x767b00 pid: 4121 (default app)
*** uWSGI is running in multiple interpreter mode ***
spawned uWSGI master process (pid: 4121)
spawned uWSGI worker 1 (pid: 4124, cores: 1)
spawned uWSGI worker 2 (pid: 4125, cores: 1)
spawned uWSGI worker 3 (pid: 4126, cores: 1)
spawned uWSGI worker 4 (pid: 4127, cores: 1)
*** Starting uWSGI 2.0.15 (64bit) on [Thu Sep 28 10:28:47 2017] ***
compiled with version: 5.4.0 20160609 on 27 September 2017 16:39:41
os: Linux-4.4.0-62-generic #83-Ubuntu SMP Wed Jan 18 14:10:15 UTC 2017
nodename: iZ2zeap8mmq0ete15hef0zZ
machine: x86_64
clock source: unix
pcre jit disabled
detected number of CPU cores: 1
current working directory: /data/djProject/myset
detected binary path: /usr/local/bin/uwsgi
uWSGI running as root, you can use --uid/--gid/--chroot options
*** WARNING: you are running uWSGI as root !!! (use the --uid flag) *** 
chdir() to /data/djProject/myset
your processes number limit is 3826
your memory page size is 4096 bytes
detected max file descriptor number: 65535
lock engine: pthread robust mutexes
thunder lock: disabled (you can enable it with --thunder-lock)
probably another instance of uWSGI is running on the same address (:8012).
bind(): Address already in use [core/socket.c line 769]
invalid request block size: 21573 (max 4096)...skip
invalid request block size: 21573 (max 4096)...skip
invalid request block size: 21573 (max 4096)...skip
invalid request block size: 21573 (max 4096)...skip
invalid request block size: 21573 (max 4096)...skip
invalid request block size: 21573 (max 4096)...skip
invalid request block size: 21573 (max 4096)...skip
invalid request block size: 21573 (max 4096)...skip
[pid: 4124|app: 0|req: 1/1] 122.13.132.178 () {42 vars in 745 bytes} [Thu Sep 28 03:01:15 2017] GET / => generated 586 bytes in 12 msecs (HTTP/1.1 200) 3 headers in 109 bytes (1 switches on core 0)
Not Found: /favicon.ico
[pid: 4125|app: 0|req: 1/2] 122.13.132.178 () {40 vars in 698 bytes} [Thu Sep 28 03:01:36 2017] GET /favicon.ico => generated 2068 bytes in 11 msecs (HTTP/1.1 404) 3 headers in 102 bytes (1 switches on core 0)
...brutally killing workers...
*** Starting uWSGI 2.0.15 (64bit) on [Thu Sep 28 11:11:16 2017] ***
compiled with version: 5.4.0 20160609 on 27 September 2017 16:39:41
os: Linux-4.4.0-62-generic #83-Ubuntu SMP Wed Jan 18 14:10:15 UTC 2017
nodename: iZ2zeap8mmq0ete15hef0zZ
machine: x86_64
clock source: unix
pcre jit disabled
detected number of CPU cores: 1
current working directory: /data/djProject/myset
detected binary path: /usr/local/bin/uwsgi
uWSGI running as root, you can use --uid/--gid/--chroot options
*** WARNING: you are running uWSGI as root !!! (use the --uid flag) *** 
chdir() to /data/djProject/myset
your processes number limit is 3826
your memory page size is 4096 bytes
detected max file descriptor number: 65535
lock engine: pthread robust mutexes
thunder lock: disabled (you can enable it with --thunder-lock)
probably another instance of uWSGI is running on the same address (:8012).
bind(): Address already in use [core/socket.c line 769]
worker 1 buried after 1 seconds
worker 2 buried after 1 seconds
worker 3 buried after 1 seconds
worker 4 buried after 1 seconds
binary reloading uWSGI...
chdir() to /data/djProject/myset
closing all non-uwsgi socket fds > 2 (max_fd = 65535)...
found fd 3 mapped to socket 0 (:8012)
running /usr/local/bin/uwsgi
realpath() of myset_uwsgi.ini failed: No such file or directory [core/utils.c line 3618]
*** Starting uWSGI 2.0.15 (64bit) on [Thu Sep 28 11:11:29 2017] ***
compiled with version: 5.4.0 20160609 on 27 September 2017 16:39:41
os: Linux-4.4.0-62-generic #83-Ubuntu SMP Wed Jan 18 14:10:15 UTC 2017
nodename: iZ2zeap8mmq0ete15hef0zZ
machine: x86_64
clock source: unix
pcre jit disabled
detected number of CPU cores: 1
current working directory: /data/djProject/myset
detected binary path: /usr/local/bin/uwsgi
uWSGI running as root, you can use --uid/--gid/--chroot options
*** WARNING: you are running uWSGI as root !!! (use the --uid flag) *** 
chdir() to /data/djProject/myset
your processes number limit is 3826
your memory page size is 4096 bytes
detected max file descriptor number: 65535
lock engine: pthread robust mutexes
thunder lock: disabled (you can enable it with --thunder-lock)
uwsgi socket 0 bound to TCP address :8012 fd 3
Python version: 2.7.12 (default, Nov 19 2016, 06:48:10)  [GCC 5.4.0 20160609]
*** Python threads support is disabled. You can enable it with --enable-threads ***
Python main interpreter initialized at 0x1bf7ac0
your server socket listen backlog is limited to 100 connections
your mercy for graceful operations on workers is 60 seconds
mapped 363840 bytes (355 KB) for 4 cores
*** Operational MODE: preforking ***
WSGI app 0 (mountpoint='') ready in 0 seconds on interpreter 0x1bf7ac0 pid: 4960 (default app)
*** uWSGI is running in multiple interpreter mode ***
spawned uWSGI master process (pid: 4960)
spawned uWSGI worker 1 (pid: 4963, cores: 1)
spawned uWSGI worker 2 (pid: 4964, cores: 1)
spawned uWSGI worker 3 (pid: 4965, cores: 1)
spawned uWSGI worker 4 (pid: 4966, cores: 1)
...brutally killing workers...
worker 1 buried after 1 seconds
worker 2 buried after 1 seconds
worker 3 buried after 1 seconds
worker 4 buried after 1 seconds
binary reloading uWSGI...
chdir() to /data/djProject/myset
closing all non-uwsgi socket fds > 2 (max_fd = 65535)...
found fd 3 mapped to socket 0 (:8012)
running /usr/local/bin/uwsgi
[uWSGI] getting INI configuration from uwsgi.ini
*** Starting uWSGI 2.0.15 (64bit) on [Thu Sep 28 03:13:20 2017] ***
compiled with version: 5.4.0 20160609 on 27 September 2017 16:39:41
os: Linux-4.4.0-62-generic #83-Ubuntu SMP Wed Jan 18 14:10:15 UTC 2017
nodename: iZ2zeap8mmq0ete15hef0zZ
machine: x86_64
clock source: unix
pcre jit disabled
detected number of CPU cores: 1
current working directory: /data/djProject/myset
detected binary path: /usr/local/bin/uwsgi
uWSGI running as root, you can use --uid/--gid/--chroot options
*** WARNING: you are running uWSGI as root !!! (use the --uid flag) *** 
chdir() to /data/djProject/myset
your processes number limit is 3826
your memory page size is 4096 bytes
detected max file descriptor number: 65535
lock engine: pthread robust mutexes
thunder lock: disabled (you can enable it with --thunder-lock)
uwsgi socket 0 inherited INET address :8012 fd 3
Python version: 2.7.12 (default, Nov 19 2016, 06:48:10)  [GCC 5.4.0 20160609]
*** Python threads support is disabled. You can enable it with --enable-threads ***
Python main interpreter initialized at 0x26cf970
your server socket listen backlog is limited to 100 connections
your mercy for graceful operations on workers is 60 seconds
mapped 363840 bytes (355 KB) for 4 cores
*** Operational MODE: preforking ***
WSGI app 0 (mountpoint='') ready in 0 seconds on interpreter 0x26cf970 pid: 4960 (default app)
*** uWSGI is running in multiple interpreter mode ***
gracefully (RE)spawned uWSGI master process (pid: 4960)
spawned uWSGI worker 1 (pid: 5067, cores: 1)
spawned uWSGI worker 2 (pid: 5068, cores: 1)
spawned uWSGI worker 3 (pid: 5069, cores: 1)
spawned uWSGI worker 4 (pid: 5070, cores: 1)
...brutally killing workers...
worker 1 buried after 1 seconds
worker 2 buried after 1 seconds
worker 3 buried after 1 seconds
worker 4 buried after 1 seconds
binary reloading uWSGI...
chdir() to /data/djProject/myset
closing all non-uwsgi socket fds > 2 (max_fd = 65535)...
found fd 3 mapped to socket 0 (:8012)
running /usr/local/bin/uwsgi
[uWSGI] getting INI configuration from uwsgi.ini
*** Starting uWSGI 2.0.15 (64bit) on [Thu Sep 28 03:15:23 2017] ***
compiled with version: 5.4.0 20160609 on 27 September 2017 16:39:41
os: Linux-4.4.0-62-generic #83-Ubuntu SMP Wed Jan 18 14:10:15 UTC 2017
nodename: iZ2zeap8mmq0ete15hef0zZ
machine: x86_64
clock source: unix
pcre jit disabled
detected number of CPU cores: 1
current working directory: /data/djProject/myset
detected binary path: /usr/local/bin/uwsgi
uWSGI running as root, you can use --uid/--gid/--chroot options
*** WARNING: you are running uWSGI as root !!! (use the --uid flag) *** 
chdir() to /data/djProject/myset
your processes number limit is 3826
your memory page size is 4096 bytes
detected max file descriptor number: 65535
lock engine: pthread robust mutexes
thunder lock: disabled (you can enable it with --thunder-lock)
uwsgi socket 0 inherited INET address :8012 fd 3
Python version: 2.7.12 (default, Nov 19 2016, 06:48:10)  [GCC 5.4.0 20160609]
*** Python threads support is disabled. You can enable it with --enable-threads ***
Python main interpreter initialized at 0xe85970
your server socket listen backlog is limited to 100 connections
your mercy for graceful operations on workers is 60 seconds
mapped 363840 bytes (355 KB) for 4 cores
*** Operational MODE: preforking ***
WSGI app 0 (mountpoint='') ready in 0 seconds on interpreter 0xe85970 pid: 4960 (default app)
*** uWSGI is running in multiple interpreter mode ***
gracefully (RE)spawned uWSGI master process (pid: 4960)
spawned uWSGI worker 1 (pid: 5147, cores: 1)
spawned uWSGI worker 2 (pid: 5148, cores: 1)
spawned uWSGI worker 3 (pid: 5149, cores: 1)
spawned uWSGI worker 4 (pid: 5150, cores: 1)
...brutally killing workers...
worker 1 buried after 1 seconds
worker 2 buried after 1 seconds
worker 3 buried after 1 seconds
worker 4 buried after 1 seconds
binary reloading uWSGI...
chdir() to /data/djProject/myset
closing all non-uwsgi socket fds > 2 (max_fd = 65535)...
found fd 3 mapped to socket 0 (:8012)
running /usr/local/bin/uwsgi
[uWSGI] getting INI configuration from uwsgi.ini
*** Starting uWSGI 2.0.15 (64bit) on [Thu Sep 28 03:15:31 2017] ***
compiled with version: 5.4.0 20160609 on 27 September 2017 16:39:41
os: Linux-4.4.0-62-generic #83-Ubuntu SMP Wed Jan 18 14:10:15 UTC 2017
nodename: iZ2zeap8mmq0ete15hef0zZ
machine: x86_64
clock source: unix
pcre jit disabled
detected number of CPU cores: 1
current working directory: /data/djProject/myset
detected binary path: /usr/local/bin/uwsgi
uWSGI running as root, you can use --uid/--gid/--chroot options
*** WARNING: you are running uWSGI as root !!! (use the --uid flag) *** 
chdir() to /data/djProject/myset
your processes number limit is 3826
your memory page size is 4096 bytes
detected max file descriptor number: 65535
lock engine: pthread robust mutexes
thunder lock: disabled (you can enable it with --thunder-lock)
uwsgi socket 0 inherited INET address :8012 fd 3
Python version: 2.7.12 (default, Nov 19 2016, 06:48:10)  [GCC 5.4.0 20160609]
*** Python threads support is disabled. You can enable it with --enable-threads ***
Python main interpreter initialized at 0xe42970
your server socket listen backlog is limited to 100 connections
your mercy for graceful operations on workers is 60 seconds
mapped 363840 bytes (355 KB) for 4 cores
*** Operational MODE: preforking ***
WSGI app 0 (mountpoint='') ready in 0 seconds on interpreter 0xe42970 pid: 4960 (default app)
*** uWSGI is running in multiple interpreter mode ***
gracefully (RE)spawned uWSGI master process (pid: 4960)
spawned uWSGI worker 1 (pid: 5163, cores: 1)
spawned uWSGI worker 2 (pid: 5164, cores: 1)
spawned uWSGI worker 3 (pid: 5165, cores: 1)
spawned uWSGI worker 4 (pid: 5166, cores: 1)
Thu Sep 28 03:16:28 2017 - uWSGI worker 2 screams: UAAAAAAH my master disconnected: i will kill myself !!!
Thu Sep 28 03:16:28 2017 - uWSGI worker 1 screams: UAAAAAAH my master disconnected: i will kill myself !!!
Thu Sep 28 03:16:28 2017 - uWSGI worker 4 screams: UAAAAAAH my master disconnected: i will kill myself !!!
Thu Sep 28 03:16:28 2017 - uWSGI worker 3 screams: UAAAAAAH my master disconnected: i will kill myself !!!
